<?xml version="1.0" encoding="UTF-8"?>
<!-- Generated by org.testng.reporters.JUnitReportReporter -->
<testsuite skipped="0" hostname="Rajeshk" name="testing.testcase" tests="1" failures="0" timestamp="04 Jan 2019 09:58:58 GMT" time="2.472" errors="0">
  <testcase name="prime" time="2.472" classname="testing.testcase"/>
</testsuite> <!-- testing.testcase -->
