<?xml version="1.0" encoding="UTF-8"?>
<!-- Generated by org.testng.reporters.JUnitReportReporter -->
<testsuite skipped="0" hostname="Rajeshk" name="com.orion.automation.Database.Databasetest" tests="1" failures="0" timestamp="11 Feb 2019 07:10:55 GMT" time="0.732" errors="0">
  <testcase name="selectDbdata" time="0.732" classname="com.orion.automation.Database.Databasetest"/>
</testsuite> <!-- com.orion.automation.Database.Databasetest -->
