<?xml version="1.0" encoding="UTF-8"?>
<!-- Generated by org.testng.reporters.JUnitReportReporter -->
<testsuite skipped="0" hostname="Rajeshk" name="com.orion.automation.desktopapplications.exceldesktop$desktop" tests="1" failures="0" timestamp="16 Jan 2019 13:54:24 GMT" time="31.749" errors="0">
  <testcase name="calc" time="31.749" classname="com.orion.automation.desktopapplications.exceldesktop$desktop"/>
</testsuite> <!-- com.orion.automation.desktopapplications.exceldesktop$desktop -->
