<?xml version="1.0" encoding="UTF-8"?>
<!-- Generated by org.testng.reporters.JUnitReportReporter -->
<testsuite skipped="0" hostname="Rajeshk" name="mavenproject.handlesslcertificate" tests="1" failures="0" timestamp="15 Feb 2019 09:45:00 GMT" time="5.241" errors="0">
  <testcase name="handlecerificate" time="5.241" classname="mavenproject.handlesslcertificate"/>
</testsuite> <!-- mavenproject.handlesslcertificate -->
