<?xml version="1.0" encoding="UTF-8"?>
<!-- Generated by org.testng.reporters.JUnitReportReporter -->
<testsuite skipped="0" hostname="Rajeshk" name="mavenproject.windowauthetication" tests="1" failures="0" timestamp="15 Feb 2019 07:58:39 GMT" time="7.181" errors="0">
  <testcase name="brokenlinks" time="7.181" classname="mavenproject.windowauthetication"/>
</testsuite> <!-- mavenproject.windowauthetication -->
