<?xml version="1.0" encoding="UTF-8"?>
<!-- Generated by org.testng.reporters.JUnitReportReporter -->
<testsuite skipped="0" hostname="Rajeshk" name="mavenproject.firefox" tests="1" failures="0" timestamp="03 Jan 2019 10:08:51 GMT" time="8.314" errors="0">
  <testcase name="ex" time="8.314" classname="mavenproject.firefox"/>
</testsuite> <!-- mavenproject.firefox -->
