<?xml version="1.0" encoding="UTF-8"?>
<!-- Generated by org.testng.reporters.JUnitReportReporter -->
<testsuite skipped="0" hostname="Rajeshk" name="mavenproject.datep" tests="1" failures="0" timestamp="13 Feb 2019 09:27:30 GMT" time="37.255" errors="0">
  <testcase name="datepicker" time="37.255" classname="mavenproject.datep"/>
</testsuite> <!-- mavenproject.datep -->
