<?xml version="1.0" encoding="UTF-8"?>
<!-- Generated by org.testng.reporters.JUnitReportReporter -->
<testsuite skipped="0" hostname="Rajeshk" name="mavenproject.mutiplewindow" tests="1" failures="0" timestamp="12 Feb 2019 14:15:03 GMT" time="15.274" errors="0">
  <testcase name="mutiplewindow" time="15.274" classname="mavenproject.mutiplewindow"/>
</testsuite> <!-- mavenproject.mutiplewindow -->
