<?xml version="1.0" encoding="UTF-8"?>
<!-- Generated by org.testng.reporters.JUnitReportReporter -->
<testsuite skipped="0" hostname="Rajeshk" name="mavenproject.datepicker" tests="1" failures="0" timestamp="12 Feb 2019 09:11:21 GMT" time="4.475" errors="0">
  <testcase name="Test" time="4.475" classname="mavenproject.datepicker"/>
</testsuite> <!-- mavenproject.datepicker -->
