<?xml version="1.0" encoding="UTF-8"?>
<!-- Generated by org.testng.reporters.JUnitReportReporter -->
<testsuite skipped="0" hostname="Rajeshk" name="mavenproject.everystepscreenshot" tests="1" failures="0" timestamp="15 Feb 2019 10:10:41 GMT" time="13.883" errors="0">
  <testcase name="everystepcaptureScreenshot" time="13.883" classname="mavenproject.everystepscreenshot"/>
</testsuite> <!-- mavenproject.everystepscreenshot -->
