<?xml version="1.0" encoding="UTF-8"?>
<!-- Generated by org.testng.reporters.JUnitReportReporter -->
<testsuite skipped="0" hostname="Rajeshk" name="mavenproject.applicationpages" tests="6" failures="0" timestamp="15 Feb 2019 12:36:23 GMT" time="124.396" errors="0">
  <testcase name="login" time="20.521" classname="mavenproject.applicationpages"/>
  <testcase name="login" time="20.285" classname="mavenproject.applicationpages"/>
  <testcase name="login" time="20.747" classname="mavenproject.applicationpages"/>
  <testcase name="login" time="21.854" classname="mavenproject.applicationpages"/>
  <testcase name="login" time="20.720" classname="mavenproject.applicationpages"/>
  <testcase name="login" time="20.269" classname="mavenproject.applicationpages"/>
</testsuite> <!-- mavenproject.applicationpages -->
