<?xml version="1.0" encoding="UTF-8"?>
<!-- Generated by org.testng.reporters.JUnitReportReporter -->
<testsuite skipped="0" hostname="Rajeshk" name="mavenproject.mutilpletabslinks" tests="1" failures="0" timestamp="13 Feb 2019 07:47:04 GMT" time="10.553" errors="0">
  <testcase name="mutiplewindow" time="10.553" classname="mavenproject.mutilpletabslinks"/>
</testsuite> <!-- mavenproject.mutilpletabslinks -->
