<?xml version="1.0" encoding="UTF-8"?>
<!-- Generated by org.testng.reporters.JUnitReportReporter -->
<testsuite skipped="0" hostname="Rajeshk" name="mavenproject.draganddrop" tests="1" failures="0" timestamp="14 Feb 2019 08:04:43 GMT" time="19.733" errors="0">
  <testcase name="mutiplewindow" time="19.733" classname="mavenproject.draganddrop"/>
</testsuite> <!-- mavenproject.draganddrop -->
