<?xml version="1.0" encoding="UTF-8"?>
<!-- Generated by org.testng.reporters.JUnitReportReporter -->
<testsuite skipped="0" hostname="Rajeshk" name="mavenproject.tooltip" tests="1" failures="0" timestamp="11 Feb 2019 09:36:34 GMT" time="10.032" errors="0">
  <testcase name="tooltip" time="10.032" classname="mavenproject.tooltip"/>
</testsuite> <!-- mavenproject.tooltip -->
