<?xml version="1.0" encoding="UTF-8"?>
<!-- Generated by org.testng.reporters.JUnitReportReporter -->
<testsuite skipped="0" hostname="Rajeshk" name="mavenproject.window" tests="1" failures="0" timestamp="07 Feb 2019 07:03:57 GMT" time="8.381" errors="0">
  <testcase name="wind" time="8.381" classname="mavenproject.window"/>
</testsuite> <!-- mavenproject.window -->
