<?xml version="1.0" encoding="UTF-8"?>
<!-- Generated by org.testng.reporters.JUnitReportReporter -->
<testsuite skipped="0" hostname="Rajeshk" name="mavenproject.da" tests="1" failures="0" timestamp="12 Feb 2019 10:36:17 GMT" time="10.980" errors="0">
  <testcase name="datepicker" time="10.980" classname="mavenproject.da"/>
</testsuite> <!-- mavenproject.da -->
