<?xml version="1.0" encoding="UTF-8"?>
<!-- Generated by org.testng.reporters.JUnitReportReporter -->
<testsuite skipped="0" hostname="Rajeshk" name="mavenproject.popaunthication" tests="1" failures="0" timestamp="15 Feb 2019 07:26:10 GMT" time="7.441" errors="0">
  <testcase name="brokenlinks" time="7.441" classname="mavenproject.popaunthication"/>
</testsuite> <!-- mavenproject.popaunthication -->
