<?xml version="1.0" encoding="UTF-8"?>
<!-- Generated by org.testng.reporters.JUnitReportReporter -->
<testsuite hostname="RajeshK" failures="0" tests="1" name="com.orion.automation.ApplicationTestCases.companytestcase" time="18.045" errors="0" timestamp="07 Dec 2018 07:36:32 GMT" skipped="0">
  <testcase classname="com.orion.automation.ApplicationTestCases.companytestcase" name="company" time="18.045"/>
</testsuite> <!-- com.orion.automation.ApplicationTestCases.companytestcase -->
