<?xml version="1.0" encoding="UTF-8"?>
<!-- Generated by org.testng.reporters.JUnitReportReporter -->
<testsuite skipped="0" hostname="rajesh-PC" name="testcases.primusbanklogintestcase" tests="1" failures="0" timestamp="24 May 2018 21:44:02 GMT" time="39.305" errors="0">
  <testcase name="login" time="39.305" classname="testcases.primusbanklogintestcase"/>
</testsuite> <!-- testcases.primusbanklogintestcase -->
