<?xml version="1.0" encoding="UTF-8"?>
<!-- Generated by org.testng.reporters.JUnitReportReporter -->
<testsuite skipped="0" hostname="ariatech-PC" name="class13.ParametersDemo" tests="1" failures="0" timestamp="08 May 2018 10:11:40 GMT" time="0.021" errors="0">
  <testcase name="testParameters" time="0.021" classname="class13.ParametersDemo"/>
</testsuite> <!-- class13.ParametersDemo -->
