<?xml version="1.0" encoding="UTF-8"?>
<!-- Generated by org.testng.reporters.JUnitReportReporter -->
<testsuite hostname="ariatech-PC" name="wordpress" tests="1" failures="0" timestamp="15 May 2018 09:37:25 GMT" time="13.998" errors="0">
  <testcase name="login" time="13.998" classname="wordpress"/>
</testsuite> <!-- wordpress -->
